c:\users\karsten\desktop\gribcs fork\jpcdecoder\debug\jpcdecoder.pch
c:\users\karsten\desktop\gribcs fork\jpcdecoder\debug\vc120.pdb
c:\users\karsten\desktop\gribcs fork\jpcdecoder\debug\vc120.idb
c:\users\karsten\desktop\gribcs fork\jpcdecoder\debug\stdafx.obj
c:\users\karsten\desktop\gribcs fork\jpcdecoder\debug\jpcdecoder.obj
c:\users\karsten\desktop\gribcs fork\jpcdecoder\debug\jpcdecoder.lib
c:\users\karsten\desktop\gribcs fork\jpcdecoder\debug\jpcdecoder.exp
c:\users\karsten\desktop\gribcs fork\jpcdecoder\debug\jpcdecoder.dll
c:\users\karsten\desktop\gribcs fork\jpcdecoder\debug\jpcdecoder.pdb
c:\users\karsten\desktop\gribcs fork\jpcdecoder\debug\jpcdecoder.res
c:\users\karsten\desktop\gribcs fork\jpcdecoder\debug\jpcdecoder.tlog\cl.command.1.tlog
c:\users\karsten\desktop\gribcs fork\jpcdecoder\debug\jpcdecoder.tlog\cl.read.1.tlog
c:\users\karsten\desktop\gribcs fork\jpcdecoder\debug\jpcdecoder.tlog\cl.write.1.tlog
c:\users\karsten\desktop\gribcs fork\jpcdecoder\debug\jpcdecoder.tlog\jpcdecoder.write.1u.tlog
c:\users\karsten\desktop\gribcs fork\jpcdecoder\debug\jpcdecoder.tlog\link.command.1.tlog
c:\users\karsten\desktop\gribcs fork\jpcdecoder\debug\jpcdecoder.tlog\link.read.1.tlog
c:\users\karsten\desktop\gribcs fork\jpcdecoder\debug\jpcdecoder.tlog\link.write.1.tlog
c:\users\karsten\desktop\gribcs fork\jpcdecoder\debug\jpcdecoder.tlog\rc.command.1.tlog
c:\users\karsten\desktop\gribcs fork\jpcdecoder\debug\jpcdecoder.tlog\rc.read.1.tlog
c:\users\karsten\desktop\gribcs fork\jpcdecoder\debug\jpcdecoder.tlog\rc.write.1.tlog
