Build started 07.07.2015 18:02:05.
     1>Project "C:\Users\Karsten\Documents\GitHub\NGribCS\jasper\msvc\libjasper.vcxproj" on node 3 (Build target(s)).
     1>Lib:
         C:\Program Files (x86)\Microsoft Visual Studio 12.0\VC\bin\Lib.exe /OUT:".\Debug\libjasper.lib" /NOLOGO .\Debug/jas_cm.obj
         .\Debug/jas_debug.obj
         .\Debug/jas_getopt.obj
         .\Debug/jas_icc.obj
         .\Debug/jas_iccdata.obj
         .\Debug/jas_image.obj
         .\Debug/jas_init.obj
         .\Debug/jas_malloc.obj
         .\Debug/jas_seq.obj
         .\Debug/jas_stream.obj
         .\Debug/jas_string.obj
         .\Debug/jas_tvp.obj
         .\Debug/jas_version.obj
         .\Debug/bmp_cod.obj
         .\Debug/bmp_dec.obj
         .\Debug/bmp_enc.obj
         .\Debug/jp2_cod.obj
         .\Debug/jp2_dec.obj
         .\Debug/jp2_enc.obj
         .\Debug/jpc_bs.obj
         .\Debug/jpc_cs.obj
         .\Debug/jpc_dec.obj
         .\Debug/jpc_enc.obj
         .\Debug/jpc_math.obj
         .\Debug/jpc_mct.obj
         .\Debug/jpc_mqcod.obj
         .\Debug/jpc_mqdec.obj
         .\Debug/jpc_mqenc.obj
         .\Debug/jpc_qmfb.obj
         .\Debug/jpc_t1cod.obj
         .\Debug/jpc_t1dec.obj
         .\Debug/jpc_t1enc.obj
         .\Debug/jpc_t2cod.obj
         .\Debug/jpc_t2dec.obj
         .\Debug/jpc_t2enc.obj
         .\Debug/jpc_tagtree.obj
         .\Debug/jpc_tsfb.obj
         .\Debug/jpc_util.obj
         .\Debug/jpg_dummy.obj
         .\Debug/jpg_val.obj
         .\Debug/mif_cod.obj
         .\Debug/pgx_cod.obj
         .\Debug/pgx_dec.obj
         .\Debug/pgx_enc.obj
         .\Debug/pnm_cod.obj
         .\Debug/pnm_dec.obj
         .\Debug/pnm_enc.obj
         .\Debug/ras_cod.obj
         .\Debug/ras_dec.obj
         .\Debug/ras_enc.obj
         libjasper.vcxproj -> C:\Users\Karsten\Documents\GitHub\NGribCS\jasper\msvc\Debug\libjasper.lib
     1>Done Building Project "C:\Users\Karsten\Documents\GitHub\NGribCS\jasper\msvc\libjasper.vcxproj" (Build target(s)).

Build succeeded.

Time Elapsed 00:00:00.34
